2023-09-28 15:23:57,926 INFO o.a.j.u.JMeterUtils: Setting Locale to en_EN
2023-09-28 15:23:57,941 INFO o.a.j.JMeter: Loading user properties from: C:\apache-jmeter-5.6.2\bin\user.properties
2023-09-28 15:23:57,942 INFO o.a.j.JMeter: Loading system properties from: C:\apache-jmeter-5.6.2\bin\system.properties
2023-09-28 15:23:57,942 INFO o.a.j.JMeter: Loading additional properties from: custom.properties
2023-09-28 15:23:57,943 INFO o.a.j.JMeter: Loading additional properties from: url.properties
2023-09-28 15:23:57,944 INFO o.a.j.JMeter: Loading additional properties from: loadprofile.properties
2023-09-28 15:23:57,956 INFO o.a.j.JMeter: Copyright (c) 1998-2023 The Apache Software Foundation
2023-09-28 15:23:57,956 INFO o.a.j.JMeter: Version 5.6.2
2023-09-28 15:23:57,964 INFO o.a.j.JMeter: java.version=20.0.2
2023-09-28 15:23:57,965 INFO o.a.j.JMeter: java.vm.name=OpenJDK 64-Bit Server VM
2023-09-28 15:23:57,965 INFO o.a.j.JMeter: os.name=Windows 11
2023-09-28 15:23:57,965 INFO o.a.j.JMeter: os.arch=amd64
2023-09-28 15:23:57,966 INFO o.a.j.JMeter: os.version=10.0
2023-09-28 15:23:57,967 INFO o.a.j.JMeter: file.encoding=UTF-8
2023-09-28 15:23:57,967 INFO o.a.j.JMeter: java.awt.headless=true
2023-09-28 15:23:57,967 INFO o.a.j.JMeter: Max memory     =1073741824
2023-09-28 15:23:57,967 INFO o.a.j.JMeter: Available Processors =16
2023-09-28 15:23:57,974 INFO o.a.j.JMeter: Default Locale=English (EN)
2023-09-28 15:23:57,974 INFO o.a.j.JMeter: JMeter  Locale=English (EN)
2023-09-28 15:23:57,975 INFO o.a.j.JMeter: JMeterHome=C:\apache-jmeter-5.6.2
2023-09-28 15:23:57,975 INFO o.a.j.JMeter: user.dir  =c:\projects\jmeter-assessment
2023-09-28 15:23:57,976 INFO o.a.j.JMeter: PWD       =C:\projects\jmeter-assessment
2023-09-28 15:23:57,977 INFO o.a.j.JMeter: IP: 192.168.11.243 Name: ASY-WIN11-72 FullName: ASY-WIN11-72.assurity.local
2023-09-28 15:23:57,986 INFO o.a.j.JMeter: Setting property 'jmeter.reportgenerator.outputdir' to:'c:\projects\jmeter-assessment\jmeter_report'
2023-09-28 15:23:57,988 INFO o.a.j.s.FileServer: Default base='c:\projects\jmeter-assessment'
2023-09-28 15:23:57,989 INFO o.a.j.s.FileServer: Set new base='c:\projects\jmeter-assessment'
2023-09-28 15:23:58,188 INFO o.a.j.s.SaveService: Testplan (JMX) version: 2.2. Testlog (JTL) version: 2.2
2023-09-28 15:23:58,216 INFO o.a.j.s.SaveService: Using SaveService properties version 5.0
2023-09-28 15:23:58,219 INFO o.a.j.s.SaveService: Using SaveService properties file encoding UTF-8
2023-09-28 15:23:58,222 INFO o.a.j.s.SaveService: Loading file: jmeter-test.jmx
2023-09-28 15:23:58,288 INFO o.a.j.p.h.s.HTTPSamplerBase: Parser for text/html is org.apache.jmeter.protocol.http.parser.LagartoBasedHtmlParser
2023-09-28 15:23:58,289 INFO o.a.j.p.h.s.HTTPSamplerBase: Parser for application/xhtml+xml is org.apache.jmeter.protocol.http.parser.LagartoBasedHtmlParser
2023-09-28 15:23:58,289 INFO o.a.j.p.h.s.HTTPSamplerBase: Parser for application/xml is org.apache.jmeter.protocol.http.parser.LagartoBasedHtmlParser
2023-09-28 15:23:58,289 INFO o.a.j.p.h.s.HTTPSamplerBase: Parser for text/xml is org.apache.jmeter.protocol.http.parser.LagartoBasedHtmlParser
2023-09-28 15:23:58,290 INFO o.a.j.p.h.s.HTTPSamplerBase: Parser for text/vnd.wap.wml is org.apache.jmeter.protocol.http.parser.RegexpHTMLParser
2023-09-28 15:23:58,291 INFO o.a.j.p.h.s.HTTPSamplerBase: Parser for text/css is org.apache.jmeter.protocol.http.parser.CssParser
2023-09-28 15:23:58,321 INFO o.a.j.JMeter: Creating summariser <summary>
2023-09-28 15:23:58,324 INFO o.a.j.r.d.ReportGenerator: ReportGenerator will use for Parsing the separator: ','
2023-09-28 15:23:58,325 INFO o.a.j.r.d.ReportGenerator: Will generate report at end of test from  results file: log.jtl
2023-09-28 15:23:58,325 INFO o.a.j.r.d.ReportGenerator: Reading report generator properties from: C:\apache-jmeter-5.6.2\bin\reportgenerator.properties
2023-09-28 15:23:58,326 INFO o.a.j.r.d.ReportGenerator: Merging with JMeter properties
2023-09-28 15:23:58,329 INFO o.a.j.r.c.ReportGeneratorConfiguration: Property 'jmeter.reportgenerator.temp_dir' not found, using default value 'temp' instead.
2023-09-28 15:23:58,331 INFO o.a.j.r.c.ReportGeneratorConfiguration: Property 'jmeter.reportgenerator.apdex_per_transaction' not found, using default value 'null' instead.
2023-09-28 15:23:58,331 INFO o.a.j.r.c.ReportGeneratorConfiguration: apdex_per_transaction is empty, not APDEX per transaction customization
2023-09-28 15:23:58,332 INFO o.a.j.r.c.ReportGeneratorConfiguration: Property 'jmeter.reportgenerator.sample_filter' not found, using default value 'null' instead.
2023-09-28 15:23:58,332 INFO o.a.j.r.c.ReportGeneratorConfiguration: Property 'jmeter.reportgenerator.start_date' not found, using default value 'null' instead.
2023-09-28 15:23:58,332 INFO o.a.j.r.c.ReportGeneratorConfiguration: Property 'jmeter.reportgenerator.end_date' not found, using default value 'null' instead.
2023-09-28 15:23:58,332 INFO o.a.j.r.c.ReportGeneratorConfiguration: Property 'jmeter.reportgenerator.date_format' not found, using default value 'null' instead.
2023-09-28 15:23:58,333 INFO o.a.j.r.c.ReportGeneratorConfiguration: Will use date range start date: null, end date: null
2023-09-28 15:23:58,335 INFO o.a.j.r.c.ReportGeneratorConfiguration: Property 'jmeter.reportgenerator.graph.totalTPS.exclude_controllers' not found, using default value 'false' instead.
2023-09-28 15:23:58,336 INFO o.a.j.r.c.ReportGeneratorConfiguration: Property 'jmeter.reportgenerator.graph.activeThreadsOverTime.exclude_controllers' not found, using default value 'false' instead.
2023-09-28 15:23:58,336 INFO o.a.j.r.c.ReportGeneratorConfiguration: Property 'jmeter.reportgenerator.graph.timeVsThreads.exclude_controllers' not found, using default value 'false' instead.
2023-09-28 15:23:58,336 INFO o.a.j.r.c.ReportGeneratorConfiguration: Property 'jmeter.reportgenerator.graph.responseTimeDistribution.exclude_controllers' not found, using default value 'false' instead.
2023-09-28 15:23:58,337 INFO o.a.j.r.c.ReportGeneratorConfiguration: Property 'jmeter.reportgenerator.graph.transactionsPerSecond.exclude_controllers' not found, using default value 'false' instead.
2023-09-28 15:23:58,337 INFO o.a.j.r.c.ReportGeneratorConfiguration: Property 'jmeter.reportgenerator.graph.responseTimePercentiles.exclude_controllers' not found, using default value 'false' instead.
2023-09-28 15:23:58,337 INFO o.a.j.r.c.ReportGeneratorConfiguration: Property 'jmeter.reportgenerator.graph.responseTimePercentilesOverTime.exclude_controllers' not found, using default value 'false' instead.
2023-09-28 15:23:58,338 INFO o.a.j.r.c.ReportGeneratorConfiguration: Property 'jmeter.reportgenerator.graph.responseTimesOverTime.exclude_controllers' not found, using default value 'false' instead.
2023-09-28 15:23:58,338 INFO o.a.j.r.c.ReportGeneratorConfiguration: Property 'jmeter.reportgenerator.graph.connectTimeOverTime.exclude_controllers' not found, using default value 'false' instead.
2023-09-28 15:23:58,338 INFO o.a.j.r.c.ReportGeneratorConfiguration: Property 'jmeter.reportgenerator.graph.latenciesOverTime.exclude_controllers' not found, using default value 'false' instead.
2023-09-28 15:23:58,339 INFO o.a.j.r.c.ReportGeneratorConfiguration: Property 'jmeter.reportgenerator.exporter.json.filters_only_sample_series' not found, using default value 'true' instead.
2023-09-28 15:23:58,339 INFO o.a.j.r.c.ReportGeneratorConfiguration: Property 'jmeter.reportgenerator.exporter.json.series_filter' not found, using default value '' instead.
2023-09-28 15:23:58,340 INFO o.a.j.r.c.ReportGeneratorConfiguration: Property 'jmeter.reportgenerator.exporter.json.show_controllers_only' not found, using default value 'false' instead.
2023-09-28 15:23:58,340 INFO o.a.j.r.c.ReportGeneratorConfiguration: Property 'jmeter.reportgenerator.exporter.html.filters_only_sample_series' not found, using default value 'true' instead.
2023-09-28 15:23:58,340 INFO o.a.j.r.c.ReportGeneratorConfiguration: Property 'jmeter.reportgenerator.exporter.html.series_filter' not found, using default value '' instead.
2023-09-28 15:23:58,341 INFO o.a.j.r.c.ReportGeneratorConfiguration: Property 'jmeter.reportgenerator.exporter.html.show_controllers_only' not found, using default value 'false' instead.
2023-09-28 15:23:58,349 INFO o.a.j.e.StandardJMeterEngine: Running the test!
2023-09-28 15:23:58,350 INFO o.a.j.s.SampleEvent: List of sample_variables: [conf_int95]
2023-09-28 15:23:58,351 INFO o.a.j.s.SampleEvent: List of sample_variables: [conf_int95]
2023-09-28 15:23:58,355 INFO o.a.j.e.u.CompoundVariable: Note: Function class names must contain the string: '.functions.'
2023-09-28 15:23:58,356 INFO o.a.j.e.u.CompoundVariable: Note: Function class names must not contain the string: '.gui.'
2023-09-28 15:23:58,611 INFO o.a.j.JMeter: Running test (1695867838611)
2023-09-28 15:23:58,614 INFO o.a.j.e.StandardJMeterEngine: Starting setUp thread groups
2023-09-28 15:23:58,615 INFO o.a.j.e.StandardJMeterEngine: Starting setUp ThreadGroup: 1 : setup threads 
2023-09-28 15:23:58,615 INFO o.a.j.e.StandardJMeterEngine: Starting 1 threads for group setup threads.
2023-09-28 15:23:58,615 INFO o.a.j.e.StandardJMeterEngine: Thread will continue on error
2023-09-28 15:23:58,615 INFO o.a.j.t.ThreadGroup: Starting thread group... number=1 threads=1 ramp-up=0 delayedStart=false
2023-09-28 15:23:58,618 INFO o.a.j.t.ThreadGroup: Started thread group number 1
2023-09-28 15:23:58,618 INFO o.a.j.e.StandardJMeterEngine: Waiting for all setup thread groups to exit
2023-09-28 15:23:58,628 INFO o.a.j.t.JMeterThread: Thread started: setup threads 1-1
2023-09-28 15:23:58,630 INFO o.a.j.s.FileServer: Stored: categories.csv
2023-09-28 15:23:58,637 INFO o.a.j.s.SampleResult: Note: Sample TimeStamps are START times
2023-09-28 15:23:58,637 INFO o.a.j.s.SampleResult: sampleresult.default.encoding is set to UTF-8
2023-09-28 15:23:58,637 INFO o.a.j.s.SampleResult: sampleresult.useNanoTime=true
2023-09-28 15:23:58,637 INFO o.a.j.s.SampleResult: sampleresult.nanoThreadSleep=5000
2023-09-28 15:23:59,468 ERROR o.a.j.p.j.s.J.mongo init: Mongo properties are not set, omitting
2023-09-28 15:23:59,469 INFO o.a.j.t.JMeterThread: Thread is done: setup threads 1-1
2023-09-28 15:23:59,469 INFO o.a.j.t.JMeterThread: Thread finished: setup threads 1-1
2023-09-28 15:23:59,469 INFO o.a.j.e.StandardJMeterEngine: All Setup Threads have ended
2023-09-28 15:23:59,488 INFO o.a.j.e.StandardJMeterEngine: Starting ThreadGroup: 1 : Main test
2023-09-28 15:23:59,489 INFO o.a.j.e.StandardJMeterEngine: Starting 5 threads for group Main test.
2023-09-28 15:23:59,489 INFO o.a.j.e.StandardJMeterEngine: Thread will continue on error
2023-09-28 15:23:59,489 INFO o.a.j.t.ThreadGroup: Starting thread group... number=1 threads=5 ramp-up=5 delayedStart=false
2023-09-28 15:23:59,491 INFO o.a.j.t.JMeterThread: Thread started: Main test 1-1
2023-09-28 15:23:59,493 INFO o.a.j.t.ThreadGroup: Started thread group number 1
2023-09-28 15:23:59,493 INFO o.a.j.e.StandardJMeterEngine: All thread groups have been started
2023-09-28 15:23:59,566 INFO o.a.j.p.h.s.HTTPHCAbstractImpl: Local host = ASY-WIN11-72
2023-09-28 15:23:59,573 INFO o.a.j.p.h.s.HTTPHC4Impl: HTTP request retry count = 0
2023-09-28 15:23:59,790 INFO o.a.j.p.h.s.h.LazyLayeredConnectionSocketFactory: Setting up HTTPS TrustAll Socket Factory
2023-09-28 15:23:59,801 INFO o.a.j.u.JsseSSLManager: Using default SSL protocol: TLS
2023-09-28 15:23:59,802 INFO o.a.j.u.JsseSSLManager: SSL session context: per-thread
2023-09-28 15:23:59,876 INFO o.a.j.u.SSLManager: JmeterKeyStore Location:  type JKS
2023-09-28 15:23:59,878 INFO o.a.j.u.SSLManager: KeyStore created OK
2023-09-28 15:23:59,878 WARN o.a.j.u.SSLManager: Keystore file not found, loading empty keystore
2023-09-28 15:24:00,298 INFO o.a.j.a.J.Validation: Note that CanRelist is TRUE and obtained CategoryId is proper
2023-09-28 15:24:00,321 INFO o.a.j.a.J.Validation: !!!!!! REQUEST DONE: 2023-09-28 15:24:00.136 476 THREAD NUM: 0
2023-09-28 15:24:00,324 INFO o.a.j.a.J.Validation: MONGO_EXISTS VALUE IS null
2023-09-28 15:24:00,328 INFO o.a.j.r.Summariser: summary +      3 in 00:00:02 =    1.8/s Avg:   435 Min:    98 Max:   732 Err:     0 (0.00%) Active: 1 Started: 1 Finished: 0
2023-09-28 15:24:00,492 INFO o.a.j.t.JMeterThread: Thread started: Main test 1-2
2023-09-28 15:24:00,643 INFO o.a.j.a.J.Validation: Note that CanRelist is TRUE and obtained CategoryId is proper
2023-09-28 15:24:00,644 INFO o.a.j.a.J.Validation: !!!!!! REQUEST DONE: 2023-09-28 15:24:00.638 119 THREAD NUM: 1
2023-09-28 15:24:00,645 INFO o.a.j.a.J.Validation: MONGO_EXISTS VALUE IS null
2023-09-28 15:24:01,492 INFO o.a.j.t.JMeterThread: Thread started: Main test 1-3
2023-09-28 15:24:01,621 INFO o.a.j.a.J.Validation: Note that CanRelist is TRUE and obtained CategoryId is proper
2023-09-28 15:24:01,622 INFO o.a.j.a.J.Validation: !!!!!! REQUEST DONE: 2023-09-28 15:24:01.620 105 THREAD NUM: 2
2023-09-28 15:24:01,623 INFO o.a.j.a.J.Validation: MONGO_EXISTS VALUE IS null
2023-09-28 15:24:02,490 INFO o.a.j.t.JMeterThread: Thread started: Main test 1-4
2023-09-28 15:24:02,629 INFO o.a.j.a.J.Validation: Note that CanRelist is TRUE and obtained CategoryId is proper
2023-09-28 15:24:02,630 INFO o.a.j.a.J.Validation: !!!!!! REQUEST DONE: 2023-09-28 15:24:02.628 111 THREAD NUM: 3
2023-09-28 15:24:02,631 INFO o.a.j.a.J.Validation: MONGO_EXISTS VALUE IS null
2023-09-28 15:24:02,906 INFO o.a.j.r.ResultCollector: Shutdown hook started
2023-09-28 15:25:24,547 INFO o.a.j.u.JMeterUtils: Setting Locale to en_EN
2023-09-28 15:25:24,562 INFO o.a.j.JMeter: Loading user properties from: C:\apache-jmeter-5.6.2\bin\user.properties
2023-09-28 15:25:24,564 INFO o.a.j.JMeter: Loading system properties from: C:\apache-jmeter-5.6.2\bin\system.properties
2023-09-28 15:25:24,564 INFO o.a.j.JMeter: Loading additional properties from: custom.properties
2023-09-28 15:25:24,565 INFO o.a.j.JMeter: Loading additional properties from: url.properties
2023-09-28 15:25:24,565 INFO o.a.j.JMeter: Loading additional properties from: loadprofile.properties
2023-09-28 15:25:24,577 INFO o.a.j.JMeter: Copyright (c) 1998-2023 The Apache Software Foundation
2023-09-28 15:25:24,577 INFO o.a.j.JMeter: Version 5.6.2
2023-09-28 15:25:24,578 INFO o.a.j.JMeter: java.version=20.0.2
2023-09-28 15:25:24,578 INFO o.a.j.JMeter: java.vm.name=OpenJDK 64-Bit Server VM
2023-09-28 15:25:24,578 INFO o.a.j.JMeter: os.name=Windows 11
2023-09-28 15:25:24,579 INFO o.a.j.JMeter: os.arch=amd64
2023-09-28 15:25:24,579 INFO o.a.j.JMeter: os.version=10.0
2023-09-28 15:25:24,579 INFO o.a.j.JMeter: file.encoding=UTF-8
2023-09-28 15:25:24,579 INFO o.a.j.JMeter: java.awt.headless=true
2023-09-28 15:25:24,580 INFO o.a.j.JMeter: Max memory     =1073741824
2023-09-28 15:25:24,580 INFO o.a.j.JMeter: Available Processors =16
2023-09-28 15:25:24,590 INFO o.a.j.JMeter: Default Locale=English (EN)
2023-09-28 15:25:24,591 INFO o.a.j.JMeter: JMeter  Locale=English (EN)
2023-09-28 15:25:24,591 INFO o.a.j.JMeter: JMeterHome=C:\apache-jmeter-5.6.2
2023-09-28 15:25:24,592 INFO o.a.j.JMeter: user.dir  =c:\projects\jmeter-assessment
2023-09-28 15:25:24,592 INFO o.a.j.JMeter: PWD       =C:\projects\jmeter-assessment
2023-09-28 15:25:24,594 INFO o.a.j.JMeter: IP: 192.168.11.243 Name: ASY-WIN11-72 FullName: ASY-WIN11-72.assurity.local
2023-09-28 15:25:24,603 INFO o.a.j.JMeter: Setting property 'jmeter.reportgenerator.outputdir' to:'c:\projects\jmeter-assessment\jmeter_report'
2023-09-28 15:25:24,605 INFO o.a.j.s.FileServer: Default base='c:\projects\jmeter-assessment'
2023-09-28 15:25:24,606 INFO o.a.j.s.FileServer: Set new base='c:\projects\jmeter-assessment'
2023-09-28 15:25:24,810 INFO o.a.j.s.SaveService: Testplan (JMX) version: 2.2. Testlog (JTL) version: 2.2
2023-09-28 15:25:24,831 INFO o.a.j.s.SaveService: Using SaveService properties version 5.0
2023-09-28 15:25:24,834 INFO o.a.j.s.SaveService: Using SaveService properties file encoding UTF-8
2023-09-28 15:25:24,837 INFO o.a.j.s.SaveService: Loading file: jmeter-test.jmx
2023-09-28 15:25:24,911 INFO o.a.j.p.h.s.HTTPSamplerBase: Parser for text/html is org.apache.jmeter.protocol.http.parser.LagartoBasedHtmlParser
2023-09-28 15:25:24,911 INFO o.a.j.p.h.s.HTTPSamplerBase: Parser for application/xhtml+xml is org.apache.jmeter.protocol.http.parser.LagartoBasedHtmlParser
2023-09-28 15:25:24,911 INFO o.a.j.p.h.s.HTTPSamplerBase: Parser for application/xml is org.apache.jmeter.protocol.http.parser.LagartoBasedHtmlParser
2023-09-28 15:25:24,912 INFO o.a.j.p.h.s.HTTPSamplerBase: Parser for text/xml is org.apache.jmeter.protocol.http.parser.LagartoBasedHtmlParser
2023-09-28 15:25:24,912 INFO o.a.j.p.h.s.HTTPSamplerBase: Parser for text/vnd.wap.wml is org.apache.jmeter.protocol.http.parser.RegexpHTMLParser
2023-09-28 15:25:24,913 INFO o.a.j.p.h.s.HTTPSamplerBase: Parser for text/css is org.apache.jmeter.protocol.http.parser.CssParser
2023-09-28 15:25:24,943 INFO o.a.j.JMeter: Creating summariser <summary>
2023-09-28 15:25:24,947 INFO o.a.j.r.d.ReportGenerator: ReportGenerator will use for Parsing the separator: ','
2023-09-28 15:25:24,948 INFO o.a.j.r.d.ReportGenerator: Will generate report at end of test from  results file: log.jtl
2023-09-28 15:25:24,948 INFO o.a.j.r.d.ReportGenerator: Reading report generator properties from: C:\apache-jmeter-5.6.2\bin\reportgenerator.properties
2023-09-28 15:25:24,949 INFO o.a.j.r.d.ReportGenerator: Merging with JMeter properties
2023-09-28 15:25:24,952 INFO o.a.j.r.c.ReportGeneratorConfiguration: Property 'jmeter.reportgenerator.temp_dir' not found, using default value 'temp' instead.
2023-09-28 15:25:24,954 INFO o.a.j.r.c.ReportGeneratorConfiguration: Property 'jmeter.reportgenerator.apdex_per_transaction' not found, using default value 'null' instead.
2023-09-28 15:25:24,954 INFO o.a.j.r.c.ReportGeneratorConfiguration: apdex_per_transaction is empty, not APDEX per transaction customization
2023-09-28 15:25:24,955 INFO o.a.j.r.c.ReportGeneratorConfiguration: Property 'jmeter.reportgenerator.sample_filter' not found, using default value 'null' instead.
2023-09-28 15:25:24,955 INFO o.a.j.r.c.ReportGeneratorConfiguration: Property 'jmeter.reportgenerator.start_date' not found, using default value 'null' instead.
2023-09-28 15:25:24,956 INFO o.a.j.r.c.ReportGeneratorConfiguration: Property 'jmeter.reportgenerator.end_date' not found, using default value 'null' instead.
2023-09-28 15:25:24,956 INFO o.a.j.r.c.ReportGeneratorConfiguration: Property 'jmeter.reportgenerator.date_format' not found, using default value 'null' instead.
2023-09-28 15:25:24,957 INFO o.a.j.r.c.ReportGeneratorConfiguration: Will use date range start date: null, end date: null
2023-09-28 15:25:24,960 INFO o.a.j.r.c.ReportGeneratorConfiguration: Property 'jmeter.reportgenerator.graph.totalTPS.exclude_controllers' not found, using default value 'false' instead.
2023-09-28 15:25:24,960 INFO o.a.j.r.c.ReportGeneratorConfiguration: Property 'jmeter.reportgenerator.graph.activeThreadsOverTime.exclude_controllers' not found, using default value 'false' instead.
2023-09-28 15:25:24,961 INFO o.a.j.r.c.ReportGeneratorConfiguration: Property 'jmeter.reportgenerator.graph.timeVsThreads.exclude_controllers' not found, using default value 'false' instead.
2023-09-28 15:25:24,961 INFO o.a.j.r.c.ReportGeneratorConfiguration: Property 'jmeter.reportgenerator.graph.responseTimeDistribution.exclude_controllers' not found, using default value 'false' instead.
2023-09-28 15:25:24,961 INFO o.a.j.r.c.ReportGeneratorConfiguration: Property 'jmeter.reportgenerator.graph.transactionsPerSecond.exclude_controllers' not found, using default value 'false' instead.
2023-09-28 15:25:24,962 INFO o.a.j.r.c.ReportGeneratorConfiguration: Property 'jmeter.reportgenerator.graph.responseTimePercentiles.exclude_controllers' not found, using default value 'false' instead.
2023-09-28 15:25:24,962 INFO o.a.j.r.c.ReportGeneratorConfiguration: Property 'jmeter.reportgenerator.graph.responseTimePercentilesOverTime.exclude_controllers' not found, using default value 'false' instead.
2023-09-28 15:25:24,963 INFO o.a.j.r.c.ReportGeneratorConfiguration: Property 'jmeter.reportgenerator.graph.responseTimesOverTime.exclude_controllers' not found, using default value 'false' instead.
2023-09-28 15:25:24,963 INFO o.a.j.r.c.ReportGeneratorConfiguration: Property 'jmeter.reportgenerator.graph.connectTimeOverTime.exclude_controllers' not found, using default value 'false' instead.
2023-09-28 15:25:24,963 INFO o.a.j.r.c.ReportGeneratorConfiguration: Property 'jmeter.reportgenerator.graph.latenciesOverTime.exclude_controllers' not found, using default value 'false' instead.
2023-09-28 15:25:24,964 INFO o.a.j.r.c.ReportGeneratorConfiguration: Property 'jmeter.reportgenerator.exporter.json.filters_only_sample_series' not found, using default value 'true' instead.
2023-09-28 15:25:24,965 INFO o.a.j.r.c.ReportGeneratorConfiguration: Property 'jmeter.reportgenerator.exporter.json.series_filter' not found, using default value '' instead.
2023-09-28 15:25:24,965 INFO o.a.j.r.c.ReportGeneratorConfiguration: Property 'jmeter.reportgenerator.exporter.json.show_controllers_only' not found, using default value 'false' instead.
2023-09-28 15:25:24,965 INFO o.a.j.r.c.ReportGeneratorConfiguration: Property 'jmeter.reportgenerator.exporter.html.filters_only_sample_series' not found, using default value 'true' instead.
2023-09-28 15:25:24,966 INFO o.a.j.r.c.ReportGeneratorConfiguration: Property 'jmeter.reportgenerator.exporter.html.series_filter' not found, using default value '' instead.
2023-09-28 15:25:24,966 INFO o.a.j.r.c.ReportGeneratorConfiguration: Property 'jmeter.reportgenerator.exporter.html.show_controllers_only' not found, using default value 'false' instead.
2023-09-28 15:25:24,976 INFO o.a.j.e.StandardJMeterEngine: Running the test!
2023-09-28 15:25:24,977 INFO o.a.j.s.SampleEvent: List of sample_variables: [conf_int95]
2023-09-28 15:25:24,977 INFO o.a.j.s.SampleEvent: List of sample_variables: [conf_int95]
2023-09-28 15:25:24,981 INFO o.a.j.e.u.CompoundVariable: Note: Function class names must contain the string: '.functions.'
2023-09-28 15:25:24,981 INFO o.a.j.e.u.CompoundVariable: Note: Function class names must not contain the string: '.gui.'
2023-09-28 15:25:25,264 INFO o.a.j.JMeter: Running test (1695867925263)
2023-09-28 15:25:25,267 INFO o.a.j.e.StandardJMeterEngine: Starting setUp thread groups
2023-09-28 15:25:25,267 INFO o.a.j.e.StandardJMeterEngine: Starting setUp ThreadGroup: 1 : setup threads 
2023-09-28 15:25:25,268 INFO o.a.j.e.StandardJMeterEngine: Starting 1 threads for group setup threads.
2023-09-28 15:25:25,268 INFO o.a.j.e.StandardJMeterEngine: Thread will continue on error
2023-09-28 15:25:25,268 INFO o.a.j.t.ThreadGroup: Starting thread group... number=1 threads=1 ramp-up=0 delayedStart=false
2023-09-28 15:25:25,271 INFO o.a.j.t.ThreadGroup: Started thread group number 1
2023-09-28 15:25:25,271 INFO o.a.j.e.StandardJMeterEngine: Waiting for all setup thread groups to exit
2023-09-28 15:25:25,278 INFO o.a.j.t.JMeterThread: Thread started: setup threads 1-1
2023-09-28 15:25:25,279 INFO o.a.j.s.FileServer: Stored: categories.csv
2023-09-28 15:25:25,286 INFO o.a.j.s.SampleResult: Note: Sample TimeStamps are START times
2023-09-28 15:25:25,287 INFO o.a.j.s.SampleResult: sampleresult.default.encoding is set to UTF-8
2023-09-28 15:25:25,287 INFO o.a.j.s.SampleResult: sampleresult.useNanoTime=true
2023-09-28 15:25:25,288 INFO o.a.j.s.SampleResult: sampleresult.nanoThreadSleep=5000
2023-09-28 15:25:26,524 INFO o.m.d.cluster: Cluster created with settings {hosts=[localhost:27017], mode=SINGLE, requiredClusterType=UNKNOWN, serverSelectionTimeout='30000 ms', maxWaitQueueSize=500}
2023-09-28 15:25:26,568 INFO o.m.d.cluster: Cluster description not yet available. Waiting for 30000 ms before timing out
2023-09-28 15:25:26,574 INFO o.m.d.connection: Opened connection [connectionId{localValue:1}] to localhost:27017
2023-09-28 15:25:26,577 INFO o.m.d.cluster: Monitor thread successfully connected to server with description ServerDescription{address=localhost:27017, type=STANDALONE, state=CONNECTED, ok=true, version=ServerVersion{versionList=[7, 0, 1]}, minWireVersion=0, maxWireVersion=21, maxDocumentSize=16777216, logicalSessionTimeoutMinutes=30, roundTripTimeNanos=1972200}
2023-09-28 15:25:26,584 INFO o.m.d.connection: Opened connection [connectionId{localValue:2}] to localhost:27017
2023-09-28 15:25:26,641 INFO o.a.j.p.j.s.J.mongo init: Collection 'test_collection3' created.
2023-09-28 15:25:26,643 INFO o.m.d.connection: Closed connection [connectionId{localValue:2}] to localhost:27017 because the pool has been closed.
2023-09-28 15:25:26,645 INFO o.a.j.t.JMeterThread: Thread is done: setup threads 1-1
2023-09-28 15:25:26,645 INFO o.a.j.t.JMeterThread: Thread finished: setup threads 1-1
2023-09-28 15:25:26,646 INFO o.a.j.e.StandardJMeterEngine: All Setup Threads have ended
2023-09-28 15:25:26,662 INFO o.a.j.e.StandardJMeterEngine: Starting ThreadGroup: 1 : Main test
2023-09-28 15:25:26,663 INFO o.a.j.e.StandardJMeterEngine: Starting 5 threads for group Main test.
2023-09-28 15:25:26,663 INFO o.a.j.e.StandardJMeterEngine: Thread will continue on error
2023-09-28 15:25:26,663 INFO o.a.j.t.ThreadGroup: Starting thread group... number=1 threads=5 ramp-up=5 delayedStart=false
2023-09-28 15:25:26,665 INFO o.a.j.t.JMeterThread: Thread started: Main test 1-1
2023-09-28 15:25:26,666 INFO o.a.j.t.ThreadGroup: Started thread group number 1
2023-09-28 15:25:26,666 INFO o.a.j.e.StandardJMeterEngine: All thread groups have been started
2023-09-28 15:25:26,721 INFO o.a.j.p.h.s.HTTPHCAbstractImpl: Local host = ASY-WIN11-72
2023-09-28 15:25:26,727 INFO o.a.j.p.h.s.HTTPHC4Impl: HTTP request retry count = 0
2023-09-28 15:25:26,870 INFO o.a.j.p.h.s.h.LazyLayeredConnectionSocketFactory: Setting up HTTPS TrustAll Socket Factory
2023-09-28 15:25:26,880 INFO o.a.j.u.JsseSSLManager: Using default SSL protocol: TLS
2023-09-28 15:25:26,881 INFO o.a.j.u.JsseSSLManager: SSL session context: per-thread
2023-09-28 15:25:26,897 INFO o.a.j.u.SSLManager: JmeterKeyStore Location:  type JKS
2023-09-28 15:25:26,900 INFO o.a.j.u.SSLManager: KeyStore created OK
2023-09-28 15:25:26,901 WARN o.a.j.u.SSLManager: Keystore file not found, loading empty keystore
2023-09-28 15:25:27,232 INFO o.a.j.a.J.Validation: Note that CanRelist is TRUE and obtained CategoryId is proper
2023-09-28 15:25:27,253 INFO o.a.j.a.J.Validation: !!!!!! REQUEST DONE: 2023-09-28 15:25:27.114 304 THREAD NUM: 0
2023-09-28 15:25:27,253 INFO o.a.j.a.J.Validation: MONGO_EXISTS VALUE IS ok
2023-09-28 15:25:27,304 INFO o.m.d.cluster: Cluster created with settings {hosts=[localhost:27017], mode=SINGLE, requiredClusterType=UNKNOWN, serverSelectionTimeout='30000 ms', maxWaitQueueSize=500}
2023-09-28 15:25:27,308 INFO o.m.d.connection: Opened connection [connectionId{localValue:3}] to localhost:27017
2023-09-28 15:25:27,309 INFO o.m.d.cluster: Monitor thread successfully connected to server with description ServerDescription{address=localhost:27017, type=STANDALONE, state=CONNECTED, ok=true, version=ServerVersion{versionList=[7, 0, 1]}, minWireVersion=0, maxWireVersion=21, maxDocumentSize=16777216, logicalSessionTimeoutMinutes=30, roundTripTimeNanos=401900}
2023-09-28 15:25:27,348 INFO o.m.d.connection: Opened connection [connectionId{localValue:4}] to localhost:27017
2023-09-28 15:25:27,354 INFO o.m.d.connection: Closed connection [connectionId{localValue:4}] to localhost:27017 because the pool has been closed.
2023-09-28 15:25:27,666 INFO o.a.j.t.JMeterThread: Thread started: Main test 1-2
2023-09-28 15:25:27,801 INFO o.a.j.a.J.Validation: Note that CanRelist is TRUE and obtained CategoryId is proper
2023-09-28 15:25:27,802 INFO o.a.j.a.J.Validation: !!!!!! REQUEST DONE: 2023-09-28 15:25:27.800 110 THREAD NUM: 1
2023-09-28 15:25:27,803 INFO o.a.j.a.J.Validation: MONGO_EXISTS VALUE IS ok
2023-09-28 15:25:27,818 INFO o.m.d.cluster: Cluster created with settings {hosts=[localhost:27017], mode=SINGLE, requiredClusterType=UNKNOWN, serverSelectionTimeout='30000 ms', maxWaitQueueSize=500}
2023-09-28 15:25:27,821 INFO o.m.d.cluster: Cluster description not yet available. Waiting for 30000 ms before timing out
2023-09-28 15:25:27,827 INFO o.m.d.connection: Opened connection [connectionId{localValue:5}] to localhost:27017
2023-09-28 15:25:27,835 INFO o.m.d.cluster: Monitor thread successfully connected to server with description ServerDescription{address=localhost:27017, type=STANDALONE, state=CONNECTED, ok=true, version=ServerVersion{versionList=[7, 0, 1]}, minWireVersion=0, maxWireVersion=21, maxDocumentSize=16777216, logicalSessionTimeoutMinutes=30, roundTripTimeNanos=1958600}
2023-09-28 15:25:27,840 INFO o.m.d.connection: Opened connection [connectionId{localValue:6}] to localhost:27017
2023-09-28 15:25:27,842 INFO o.m.d.connection: Closed connection [connectionId{localValue:6}] to localhost:27017 because the pool has been closed.
2023-09-28 15:25:28,664 INFO o.a.j.t.JMeterThread: Thread started: Main test 1-3
2023-09-28 15:25:28,793 INFO o.a.j.a.J.Validation: Note that CanRelist is TRUE and obtained CategoryId is proper
2023-09-28 15:25:28,794 INFO o.a.j.a.J.Validation: !!!!!! REQUEST DONE: 2023-09-28 15:25:28.792 100 THREAD NUM: 2
2023-09-28 15:25:28,795 INFO o.a.j.a.J.Validation: MONGO_EXISTS VALUE IS ok
2023-09-28 15:25:28,799 INFO o.m.d.cluster: Cluster created with settings {hosts=[localhost:27017], mode=SINGLE, requiredClusterType=UNKNOWN, serverSelectionTimeout='30000 ms', maxWaitQueueSize=500}
2023-09-28 15:25:28,800 INFO o.m.d.cluster: Cluster description not yet available. Waiting for 30000 ms before timing out
2023-09-28 15:25:28,805 INFO o.m.d.connection: Opened connection [connectionId{localValue:7}] to localhost:27017
2023-09-28 15:25:28,807 INFO o.m.d.cluster: Monitor thread successfully connected to server with description ServerDescription{address=localhost:27017, type=STANDALONE, state=CONNECTED, ok=true, version=ServerVersion{versionList=[7, 0, 1]}, minWireVersion=0, maxWireVersion=21, maxDocumentSize=16777216, logicalSessionTimeoutMinutes=30, roundTripTimeNanos=773099}
2023-09-28 15:25:28,812 INFO o.m.d.connection: Opened connection [connectionId{localValue:8}] to localhost:27017
2023-09-28 15:25:28,813 INFO o.m.d.connection: Closed connection [connectionId{localValue:8}] to localhost:27017 because the pool has been closed.
2023-09-28 15:25:29,665 INFO o.a.j.t.JMeterThread: Thread started: Main test 1-4
2023-09-28 15:25:29,783 ERROR o.a.j.a.J.Validation: Something has failed. Note that: CanRelist is false and CategoryID obtained = 6331 and CategoryID generated was 6331
2023-09-28 15:25:29,785 ERROR o.a.j.a.J.Validation: {"CategoryId":6331,"Name":"Automotive & aviation","Path":"\/Books\/Magazines\/Automotive-aviation","CanListAuctions":false,"CanListClassifieds":false,"CanRelist":false,"AreaOfBusiness":1,"CanHaveSecondCategory":true,"CanBeSecondCategory":true}
2023-09-28 15:25:29,786 INFO o.a.j.a.J.Validation: !!!!!! REQUEST DONE: 2023-09-28 15:25:29.774 88 THREAD NUM: 3
2023-09-28 15:25:29,787 INFO o.a.j.a.J.Validation: MONGO_EXISTS VALUE IS ok
2023-09-28 15:25:29,789 INFO o.m.d.cluster: Cluster created with settings {hosts=[localhost:27017], mode=SINGLE, requiredClusterType=UNKNOWN, serverSelectionTimeout='30000 ms', maxWaitQueueSize=500}
2023-09-28 15:25:29,791 INFO o.m.d.cluster: Cluster description not yet available. Waiting for 30000 ms before timing out
2023-09-28 15:25:29,794 INFO o.m.d.connection: Opened connection [connectionId{localValue:9}] to localhost:27017
2023-09-28 15:25:29,795 INFO o.m.d.cluster: Monitor thread successfully connected to server with description ServerDescription{address=localhost:27017, type=STANDALONE, state=CONNECTED, ok=true, version=ServerVersion{versionList=[7, 0, 1]}, minWireVersion=0, maxWireVersion=21, maxDocumentSize=16777216, logicalSessionTimeoutMinutes=30, roundTripTimeNanos=359099}
2023-09-28 15:25:29,799 INFO o.m.d.connection: Opened connection [connectionId{localValue:10}] to localhost:27017
2023-09-28 15:25:29,800 INFO o.m.d.connection: Closed connection [connectionId{localValue:10}] to localhost:27017 because the pool has been closed.
2023-09-28 15:25:30,664 INFO o.a.j.t.JMeterThread: Thread started: Main test 1-5
2023-09-28 15:25:30,795 INFO o.a.j.a.J.Validation: Note that CanRelist is TRUE and obtained CategoryId is proper
2023-09-28 15:25:30,796 INFO o.a.j.a.J.Validation: !!!!!! REQUEST DONE: 2023-09-28 15:25:30.793 108 THREAD NUM: 4
2023-09-28 15:25:30,796 INFO o.a.j.a.J.Validation: MONGO_EXISTS VALUE IS ok
2023-09-28 15:25:30,800 INFO o.a.j.r.Summariser: summary +     19 in 00:00:06 =    3.4/s Avg:   117 Min:     1 Max:   722 Err:     1 (5.26%) Active: 5 Started: 5 Finished: 0
2023-09-28 15:25:30,803 INFO o.m.d.cluster: Cluster created with settings {hosts=[localhost:27017], mode=SINGLE, requiredClusterType=UNKNOWN, serverSelectionTimeout='30000 ms', maxWaitQueueSize=500}
2023-09-28 15:25:30,804 INFO o.m.d.cluster: Cluster description not yet available. Waiting for 30000 ms before timing out
2023-09-28 15:25:30,807 INFO o.m.d.connection: Opened connection [connectionId{localValue:11}] to localhost:27017
2023-09-28 15:25:30,808 INFO o.m.d.cluster: Monitor thread successfully connected to server with description ServerDescription{address=localhost:27017, type=STANDALONE, state=CONNECTED, ok=true, version=ServerVersion{versionList=[7, 0, 1]}, minWireVersion=0, maxWireVersion=21, maxDocumentSize=16777216, logicalSessionTimeoutMinutes=30, roundTripTimeNanos=373700}
2023-09-28 15:25:30,811 INFO o.m.d.connection: Opened connection [connectionId{localValue:12}] to localhost:27017
2023-09-28 15:25:30,813 INFO o.m.d.connection: Closed connection [connectionId{localValue:12}] to localhost:27017 because the pool has been closed.
2023-09-28 15:25:31,559 INFO o.a.j.r.ResultCollector: Shutdown hook started
